Starting Dynare (version 5.3).
Calling Dynare with arguments: none
Starting preprocessing of the model file ...
Found 284 equation(s).
Evaluating expressions...done
Computing static model derivatives (order 1).
Computing dynamic model derivatives (order 2).
Processing outputs ...
done
Preprocessing completed.


STEADY-STATE RESULTS:

n1          		 0.965569
n2          		 0.96705
n3          		 0.968532
n4          		 0.970017
n5          		 0.971504
n6          		 0.972994
n7          		 0.974486
n8          		 0.975902
n9          		 0.977243
n10         		 0.978507
n11         		 0.979695
n12         		 0.980807
n13         		 0.981842
n14         		 0.982799
n15         		 0.983679
n16         		 0.984482
n17         		 0.985207
n18         		 0.985698
n19         		 0.985956
n20         		 0.985981
n21         		 0.985771
n22         		 0.985328
n23         		 0.984652
n24         		 0.983742
n25         		 0.9826
n26         		 0.981227
n27         		 0.979623
n28         		 0.977572
n29         		 0.975078
n30         		 0.972145
n31         		 0.968774
n32         		 0.964972
n33         		 0.960742
n34         		 0.956092
n35         		 0.951025
n36         		 0.945551
n37         		 0.939674
n38         		 0.932766
n39         		 0.924849
n40         		 0.915948
n41         		 0.906091
n42         		 0.895311
n43         		 0.883642
n44         		 0.87112
n45         		 0.857786
n46         		 0.843681
n47         		 0.828849
n48         		 0.811784
n49         		 0.792629
n50         		 0.771542
n51         		 0.748695
n52         		 0.724272
n53         		 0.698467
n54         		 0.671481
n55         		 0.643518
n56         		 0.614783
c1          		 3.48603
c2          		 3.39483
c3          		 3.30601
c4          		 3.35899
c5          		 3.4528
c6          		 3.54606
c7          		 3.63894
c8          		 3.73145
c9          		 3.82363
c10         		 3.91542
c11         		 4.00664
c12         		 4.09705
c13         		 4.18631
c14         		 4.27403
c15         		 4.35972
c16         		 4.44284
c17         		 4.3882
c18         		 4.2734
c19         		 4.16159
c20         		 4.05271
c21         		 3.94668
c22         		 3.84342
c23         		 3.74287
c24         		 3.64494
c25         		 3.54958
c26         		 3.45672
c27         		 3.36628
c28         		 3.27821
c29         		 3.19244
c30         		 3.10891
c31         		 3.02758
c32         		 2.94837
c33         		 2.87123
c34         		 2.79611
c35         		 2.72295
c36         		 2.65171
c37         		 2.58234
c38         		 2.51478
c39         		 2.44898
c40         		 2.38491
c41         		 2.32251
c42         		 2.26175
c43         		 2.20258
c44         		 2.14495
c45         		 2.08883
c46         		 2.03418
c47         		 1.98096
c48         		 1.92913
c49         		 1.87866
c50         		 1.82951
c51         		 1.78165
c52         		 1.73503
c53         		 1.68964
c54         		 1.64543
c55         		 1.60238
c56         		 1.56046
a1          		 0
a2          		 -0.446242
a3          		 -0.697976
a4          		 -0.761788
a5          		 -0.78323
a6          		 -0.804539
a7          		 -0.825754
a8          		 -0.846898
a9          		 -0.867975
a10         		 -0.888968
a11         		 -0.909846
a12         		 -0.930554
a13         		 -0.951022
a14         		 -0.971161
a15         		 -0.990866
a16         		 -1.01002
a17         		 -1.02848
a18         		 -0.911507
a19         		 -0.60447
a20         		 -0.117016
a21         		 0.54088
a22         		 1.3589
a23         		 2.3264
a24         		 3.43247
a25         		 4.66593
a26         		 6.01547
a27         		 7.46971
a28         		 9.01731
a29         		 10.6491
a30         		 12.3549
a31         		 14.1251
a32         		 24.3249
a33         		 26.1259
a34         		 27.9715
a35         		 29.8556
a36         		 31.7732
a37         		 33.7211
a38         		 35.6975
a39         		 37.7266
a40         		 39.8129
a41         		 41.9633
a42         		 39.5678
a43         		 37.2826
a44         		 35.1009
a45         		 33.0161
a46         		 31.022
a47         		 29.1128
a48         		 27.2829
a49         		 25.5796
a50         		 23.9921
a51         		 22.5107
a52         		 21.1264
a53         		 19.8312
a54         		 18.6175
a55         		 17.4786
a56         		 16.4081
a57         		 0
lambda1     		 0
lambda2     		 6.51432e-25
lambda3     		 -3.94252e-25
lambda4     		 0.0107098
lambda5     		 0.012983
lambda6     		 0.0120566
lambda7     		 0.0112259
lambda8     		 0.0104708
lambda9     		 0.00978384
lambda10    		 0.00915027
lambda11    		 0.0085622
lambda12    		 0.00801276
lambda13    		 0.00749702
lambda14    		 0.00701127
lambda15    		 0.00655212
lambda16    		 0.00611748
lambda17    		 0.00185541
lambda18    		 2.98781e-25
lambda19    		 -1.01579e-24
lambda20    		 1.73336e-24
lambda21    		 1.87749e-26
lambda22    		 3.95199e-26
lambda23    		 -6.95595e-25
lambda24    		 -3.37246e-25
lambda25    		 3.43845e-25
lambda26    		 -8.47624e-26
lambda27    		 7.85517e-26
lambda28    		 -7.27526e-25
lambda29    		 6.97169e-25
lambda30    		 3.20191e-25
lambda31    		 -5.73559e-25
lambda32    		 0
lambda33    		 0
lambda34    		 0
lambda35    		 0
lambda36    		 -1.36628e-25
lambda37    		 -1.6978e-25
lambda38    		 3.2474e-24
lambda39    		 -3.12376e-25
lambda40    		 -1.16844e-25
lambda41    		 -8.50641e-25
lambda42    		 3.83948e-25
lambda43    		 9.65682e-25
lambda44    		 2.8328e-25
lambda45    		 -5.39295e-25
lambda46    		 1.58126e-25
lambda47    		 -1.87795e-25
lambda48    		 6.46723e-26
lambda49    		 1.00444e-24
lambda50    		 -1.55437e-24
lambda51    		 1.83372e-25
lambda52    		 -7.7468e-26
lambda53    		 -2.21747e-26
lambda54    		 -1.68973e-25
lambda55    		 4.74574e-25
lambda56    		 -7.72719e-25
pi1         		 0.916544
pi2         		 0.939738
pi3         		 0.962156
pi4         		 0.983916
pi5         		 1.00512
pi6         		 1.02583
pi7         		 1.04613
pi8         		 1.06603
pi9         		 1.08554
pi10        		 1.10466
pi11        		 1.12335
pi12        		 1.14154
pi13        		 1.15916
pi14        		 1.17611
pi15        		 1.19227
pi16        		 1.20751
pi17        		 1.2217
pi18        		 1.23467
pi19        		 1.24627
pi20        		 1.25636
pi21        		 1.26478
pi22        		 1.2714
pi23        		 1.27609
pi24        		 1.27875
pi25        		 1.27929
pi26        		 1.27768
pi27        		 1.2739
pi28        		 1.26796
pi29        		 1.25992
pi30        		 1.2499
pi31        		 1.23802
pi32        		 1.22448
pi33        		 1.2095
pi34        		 1.19334
pi35        		 1.1763
pi36        		 1.15872
pi37        		 1.14096
pi38        		 1.12342
pi39        		 1.10651
pi40        		 1.0907
x56         		 16.4268
q32         		 6.8146
w           		 2.95977
rk          		 0.110397
r           		 -0.0150278
price       		 0.795884
tau         		 0.289223
PI          		 45.1165
Y           		 221.034
N           		 51.3897
L           		 49.2246
C           		 138.69
K           		 273.775
gov_rev     		 43.1401
gov_deficit 		 0.0232298
gov_debt    		 0.946932
I           		 35.4449
IY          		 0.16036
LS          		 0.396064
   16.4268
    6.8146
    2.9598
    0.1104
   -0.0150
    0.7959
    0.2892
   45.1165
  221.0338
   51.3897
   49.2246
  138.6899
  273.7751

   
DYNARE-Statistics
   
Year  Capital (K)  Labor (L)  Population (N)
0     404.2848       72.6902     75.8874
   
Income (Y)  Consumption (C)  Agg. Profit (PI)Investment (I)
326.4015     204.804          45.1165    52.3416
   
Wage (w)  Rental K (rk)  Interest (r)  Wage Tax (tau)
2.9598         0.1104        -0.015028      0.28922
   
Bequest (q32*fert_26)  q32     x56/(1+AL_growth_iss)^56
6.3887                6.8146  11.4535
   
Pop Growth (n)  
-0.0025782
   
Debt (b*Y/K)  
0.94693
   
G (g*Y)  
47.036
   
Y = C + I + g*Y 
326.6039

J =

    56


J =

    57


J =

    56

Total computing time : 0h00m03s
