Starting Dynare (version 5.3).
Calling Dynare with arguments: none
Starting preprocessing of the model file ...
Found 284 equation(s).
Evaluating expressions...done
Computing static model derivatives (order 1).
Computing dynamic model derivatives (order 2).
Processing outputs ...
done
Preprocessing completed.


STEADY-STATE RESULTS:

n1          		 0.965569
n2          		 0.96705
n3          		 0.968532
n4          		 0.970017
n5          		 0.971504
n6          		 0.972994
n7          		 0.974486
n8          		 0.975902
n9          		 0.977243
n10         		 0.978507
n11         		 0.979695
n12         		 0.980807
n13         		 0.981842
n14         		 0.982799
n15         		 0.983679
n16         		 0.984482
n17         		 0.985207
n18         		 0.985698
n19         		 0.985956
n20         		 0.985981
n21         		 0.985771
n22         		 0.985328
n23         		 0.984652
n24         		 0.983742
n25         		 0.9826
n26         		 0.981227
n27         		 0.979623
n28         		 0.977572
n29         		 0.975078
n30         		 0.972145
n31         		 0.968774
n32         		 0.964972
n33         		 0.960742
n34         		 0.956092
n35         		 0.951025
n36         		 0.945551
n37         		 0.939674
n38         		 0.932766
n39         		 0.924849
n40         		 0.915948
n41         		 0.906091
n42         		 0.895311
n43         		 0.883642
n44         		 0.87112
n45         		 0.857786
n46         		 0.843681
n47         		 0.828849
n48         		 0.811784
n49         		 0.792629
n50         		 0.771542
n51         		 0.748695
n52         		 0.724272
n53         		 0.698467
n54         		 0.671481
n55         		 0.643518
n56         		 0.614783
c1          		 3.54148
c2          		 3.47991
c3          		 3.41942
c4          		 3.38381
c5          		 3.47812
c6          		 3.57191
c7          		 3.6653
c8          		 3.75831
c9          		 3.85099
c10         		 3.94326
c11         		 4.03495
c12         		 4.1258
c13         		 4.21548
c14         		 4.23924
c15         		 4.16554
c16         		 4.09313
c17         		 4.02197
c18         		 3.95205
c19         		 3.88335
c20         		 3.81584
c21         		 3.7495
c22         		 3.68432
c23         		 3.62027
c24         		 3.55733
c25         		 3.49549
c26         		 3.43472
c27         		 3.37501
c28         		 3.31634
c29         		 3.25868
c30         		 3.20203
c31         		 3.14637
c32         		 3.09167
c33         		 3.03792
c34         		 2.98511
c35         		 2.93322
c36         		 2.88222
c37         		 2.83212
c38         		 2.78288
c39         		 2.7345
c40         		 2.68697
c41         		 2.64026
c42         		 2.59436
c43         		 2.54925
c44         		 2.50494
c45         		 2.46139
c46         		 2.4186
c47         		 2.37655
c48         		 2.33524
c49         		 2.29464
c50         		 2.25475
c51         		 2.21555
c52         		 2.17704
c53         		 2.13919
c54         		 2.102
c55         		 2.06546
c56         		 2.02955
a1          		 0
a2          		 -0.48046
a3          		 -0.798232
a4          		 -0.957018
a5          		 -0.983955
a6          		 -1.01072
a7          		 -1.03738
a8          		 -1.06394
a9          		 -1.09042
a10         		 -1.11679
a11         		 -1.14302
a12         		 -1.16904
a13         		 -1.19475
a14         		 -1.22005
a15         		 -1.18048
a16         		 -0.980901
a17         		 -0.626049
a18         		 -0.12114
a19         		 0.528052
a20         		 1.31541
a21         		 2.2343
a22         		 3.27759
a23         		 4.43763
a24         		 5.70632
a25         		 7.07516
a26         		 8.53534
a27         		 10.0778
a28         		 11.6935
a29         		 13.3757
a30         		 15.1164
a31         		 16.9076
a32         		 27.7109
a33         		 29.5677
a34         		 31.4596
a35         		 33.3819
a36         		 35.3312
a37         		 37.3054
a38         		 39.3038
a39         		 41.3545
a40         		 43.4636
a41         		 45.6391
a42         		 43.2404
a43         		 40.9248
a44         		 38.6869
a45         		 36.5212
a46         		 34.4226
a47         		 32.3861
a48         		 30.4069
a49         		 28.5393
a50         		 26.7728
a51         		 25.0978
a52         		 23.5052
a53         		 21.9865
a54         		 20.5336
a55         		 19.1388
a56         		 17.7947
a57         		 0
lambda1     		 0
lambda2     		 -5.39348e-23
lambda3     		 -5.99102e-23
lambda4     		 0.00176438
lambda5     		 0.0109344
lambda6     		 0.0101722
lambda7     		 0.00949009
lambda8     		 0.0088688
lambda9     		 0.00830461
lambda10    		 0.00778292
lambda11    		 0.00729672
lambda12    		 0.00683993
lambda13    		 0.00640827
lambda14    		 0.00367122
lambda15    		 -9.88871e-21
lambda16    		 1.72949e-21
lambda17    		 -9.64046e-22
lambda18    		 -1.1442e-21
lambda19    		 2.37805e-22
lambda20    		 -4.98217e-21
lambda21    		 2.95828e-21
lambda22    		 -1.20591e-21
lambda23    		 -1.0184e-21
lambda24    		 -2.39783e-22
lambda25    		 -2.64413e-22
lambda26    		 1.87481e-21
lambda27    		 1.10934e-21
lambda28    		 1.46841e-22
lambda29    		 -1.01019e-21
lambda30    		 -1.93917e-21
lambda31    		 -1.21427e-21
lambda32    		 0
lambda33    		 0
lambda34    		 0
lambda35    		 0
lambda36    		 -2.25172e-21
lambda37    		 4.09068e-21
lambda38    		 -4.45485e-21
lambda39    		 4.32586e-21
lambda40    		 1.96404e-21
lambda41    		 1.52477e-21
lambda42    		 -9.20527e-22
lambda43    		 -1.59388e-21
lambda44    		 9.51382e-22
lambda45    		 -2.28519e-21
lambda46    		 5.03755e-22
lambda47    		 3.52791e-22
lambda48    		 8.66844e-23
lambda49    		 -1.14349e-22
lambda50    		 8.81832e-22
lambda51    		 -5.20429e-23
lambda52    		 1.24083e-22
lambda53    		 -1.8744e-22
lambda54    		 -5.85995e-22
lambda55    		 4.4949e-22
lambda56    		 -5.36373e-22
pi1         		 0.87024
pi2         		 0.892262
pi3         		 0.913548
pi4         		 0.934209
pi5         		 0.954338
pi6         		 0.97401
pi7         		 0.993277
pi8         		 1.01217
pi9         		 1.0307
pi10        		 1.04886
pi11        		 1.0666
pi12        		 1.08387
pi13        		 1.1006
pi14        		 1.11669
pi15        		 1.13204
pi16        		 1.14651
pi17        		 1.15998
pi18        		 1.17229
pi19        		 1.18331
pi20        		 1.19289
pi21        		 1.20089
pi22        		 1.20717
pi23        		 1.21162
pi24        		 1.21414
pi25        		 1.21466
pi26        		 1.21313
pi27        		 1.20954
pi28        		 1.2039
pi29        		 1.19627
pi30        		 1.18675
pi31        		 1.17548
pi32        		 1.16262
pi33        		 1.1484
pi34        		 1.13305
pi35        		 1.11688
pi36        		 1.10018
pi37        		 1.08332
pi38        		 1.06666
pi39        		 1.05061
pi40        		 1.0356
x56         		 17.5935
q32         		 7.29859
w           		 3.11913
rk          		 0.1174
r           		 -0.00808999
price       		 0.817527
tau         		 0.303931
PI          		 42.8372
Y           		 234.76
N           		 51.3897
L           		 49.2246
C           		 142.519
K           		 326.956
gov_rev     		 47.7293
gov_deficit 		 0.0223001
gov_debt    		 0.842148
I           		 42.33
IY          		 0.180312
LS          		 0.378389
Total computing time : 0h00m06s
