Starting Dynare (version 5.3).
Calling Dynare with arguments: none
Starting preprocessing of the model file ...
Found 285 equation(s).
Evaluating expressions...done
Computing static model derivatives (order 1).
Computing dynamic model derivatives (order 2).
Processing outputs ...
done
Preprocessing completed.


STEADY-STATE RESULTS:

n1          		 1
n2          		 0.985078
n3          		 0.970379
n4          		 0.9559
n5          		 0.941636
n6          		 0.927585
n7          		 0.913744
n8          		 0.899968
n9          		 0.88626
n10         		 0.872623
n11         		 0.859061
n12         		 0.845577
n13         		 0.832173
n14         		 0.818853
n15         		 0.805619
n16         		 0.792474
n17         		 0.77942
n18         		 0.766262
n19         		 0.753012
n20         		 0.739683
n21         		 0.726286
n22         		 0.712834
n23         		 0.699339
n24         		 0.685813
n25         		 0.672268
n26         		 0.658714
n27         		 0.645163
n28         		 0.631301
n29         		 0.617157
n30         		 0.602765
n31         		 0.588156
n32         		 0.573362
n33         		 0.558415
n34         		 0.543345
n35         		 0.528185
n36         		 0.512963
n37         		 0.49771
n38         		 0.481966
n39         		 0.465805
n40         		 0.449302
n41         		 0.432531
n42         		 0.415564
n43         		 0.398474
n44         		 0.381331
n45         		 0.364202
n46         		 0.34715
n47         		 0.330238
n48         		 0.312709
n49         		 0.294747
n50         		 0.27653
n51         		 0.258233
n52         		 0.24002
n53         		 0.222044
n54         		 0.204446
n55         		 0.187351
n56         		 0.170868
c1          		 1.00423
c2          		 1.00795
c3          		 1.01168
c4          		 1.03976
c5          		 1.08345
c6          		 1.12797
c7          		 1.17338
c8          		 1.21968
c9          		 1.26692
c10         		 1.31509
c11         		 1.36416
c12         		 1.41404
c13         		 1.46464
c14         		 1.47746
c15         		 1.48294
c16         		 1.48843
c17         		 1.49394
c18         		 1.49948
c19         		 1.50503
c20         		 1.51061
c21         		 1.51621
c22         		 1.52182
c23         		 1.52746
c24         		 1.53312
c25         		 1.5388
c26         		 1.5445
c27         		 1.55022
c28         		 1.55596
c29         		 1.56173
c30         		 1.56751
c31         		 1.57332
c32         		 1.57915
c33         		 1.585
c34         		 1.59087
c35         		 1.59677
c36         		 1.60268
c37         		 1.60862
c38         		 1.61458
c39         		 1.62056
c40         		 1.62656
c41         		 1.63259
c42         		 1.63864
c43         		 1.64471
c44         		 1.6508
c45         		 1.65692
c46         		 1.66305
c47         		 1.66922
c48         		 1.6754
c49         		 1.68161
c50         		 1.68784
c51         		 1.69409
c52         		 1.70036
c53         		 1.70666
c54         		 1.71299
c55         		 1.71933
c56         		 1.7257
a1          		 0
a2          		 -0.0952119
a3          		 -0.154401
a4          		 -0.176269
a5          		 -0.183706
a6          		 -0.191282
a7          		 -0.199008
a8          		 -0.206891
a9          		 -0.214937
a10         		 -0.223143
a11         		 -0.231503
a12         		 -0.240007
a13         		 -0.248636
a14         		 -0.25737
a15         		 -0.227831
a16         		 -0.151335
a17         		 -0.026545
a18         		 0.147699
a19         		 0.372387
a20         		 0.648355
a21         		 0.976219
a22         		 1.35636
a23         		 1.7889
a24         		 2.27372
a25         		 2.81045
a26         		 3.39848
a27         		 4.03697
a28         		 4.72493
a29         		 5.46373
a30         		 6.25303
a31         		 7.09259
a32         		 10.7466
a33         		 11.7773
a34         		 12.8647
a35         		 14.0104
a36         		 15.2166
a37         		 16.4861
a38         		 17.8229
a39         		 19.2508
a40         		 20.7799
a41         		 22.4226
a42         		 21.8168
a43         		 21.2223
a44         		 20.6372
a45         		 20.0599
a46         		 19.4883
a47         		 18.9206
a48         		 18.3546
a49         		 17.839
a50         		 17.3724
a51         		 16.9541
a52         		 16.5839
a53         		 16.2625
a54         		 15.9911
a55         		 15.7718
a56         		 15.6079
a57         		 0
lambda1     		 0
lambda2     		 0
lambda3     		 -8.83867e-21
lambda4     		 0.029632
lambda5     		 0.0440507
lambda6     		 0.0400437
lambda7     		 0.0365179
lambda8     		 0.0333614
lambda9     		 0.0305478
lambda10    		 0.0279927
lambda11    		 0.0256562
lambda12    		 0.0235035
lambda13    		 0.0215094
lambda14    		 0.00327623
lambda15    		 0
lambda16    		 0
lambda17    		 -2.70585e-21
lambda18    		 1.24294e-21
lambda19    		 1.08137e-21
lambda20    		 1.44844e-21
lambda21    		 -1.21743e-21
lambda22    		 1.82967e-21
lambda23    		 -5.35784e-22
lambda24    		 3.03318e-22
lambda25    		 -1.28932e-22
lambda26    		 -1.95335e-21
lambda27    		 2.27342e-21
lambda28    		 -1.0864e-21
lambda29    		 1.68836e-21
lambda30    		 -7.60654e-22
lambda31    		 -1.82026e-22
lambda32    		 1.70207e-21
lambda33    		 -1.3369e-21
lambda34    		 5.5264e-22
lambda35    		 -2.10624e-21
lambda36    		 -4.55744e-21
lambda37    		 0
lambda38    		 0
lambda39    		 0
lambda40    		 0
lambda41    		 3.01039e-21
lambda42    		 1.75593e-21
lambda43    		 -2.93614e-22
lambda44    		 -1.79751e-21
lambda45    		 3.06748e-22
lambda46    		 -2.39969e-22
lambda47    		 9.08551e-22
lambda48    		 3.56714e-22
lambda49    		 1.90193e-22
lambda50    		 3.12346e-23
lambda51    		 8.88657e-22
lambda52    		 -5.25567e-22
lambda53    		 9.56677e-23
lambda54    		 -1.52453e-23
lambda55    		 1.91439e-22
lambda56    		 -4.96569e-23
pi1         		 0.188912
pi2         		 0.193692
pi3         		 0.198313
pi4         		 0.202798
pi5         		 0.207168
pi6         		 0.211438
pi7         		 0.21562
pi8         		 0.219722
pi9         		 0.223745
pi10        		 0.227685
pi11        		 0.231537
pi12        		 0.235287
pi13        		 0.238918
pi14        		 0.242412
pi15        		 0.245743
pi16        		 0.248884
pi17        		 0.251807
pi18        		 0.254481
pi19        		 0.256873
pi20        		 0.258952
pi21        		 0.260688
pi22        		 0.262052
pi23        		 0.263018
pi24        		 0.263566
pi25        		 0.263679
pi26        		 0.263347
pi27        		 0.262566
pi28        		 0.261342
pi29        		 0.259686
pi30        		 0.25762
pi31        		 0.255172
pi32        		 0.252381
pi33        		 0.249293
pi34        		 0.245963
pi35        		 0.242451
pi36        		 0.238827
pi37        		 0.235167
pi38        		 0.231551
pi39        		 0.228066
pi40        		 0.224808
x56         		 11.0739
q32         		 1.45723
w           		 1
rk          		 0.188235
r           		 0.0203958
price       		 0.868712
tau         		 0.297903
PI          		 6.91116
Y           		 52.6413
N           		 34.0326
L           		 36.5841
C           		 31.4423
K           		 48.5885
gov_rev     		 11.6561
gov_deficit 		 0.0649913
gov_debt    		 0.458115
I           		 10.0074
A_adj       		 0.735553
IY          		 0.190106
LS          		 0.723998
Total computing time : 0h00m06s
