Starting Dynare (version 5.3).
Calling Dynare with arguments: none
Starting preprocessing of the model file ...
Found 285 equation(s).
Evaluating expressions...done
Computing static model derivatives (order 1).
Computing dynamic model derivatives (order 2).
Processing outputs ...
done
Preprocessing completed.


STEADY-STATE RESULTS:

n1          		 1
n2          		 0.985078
n3          		 0.970379
n4          		 0.9559
n5          		 0.941636
n6          		 0.927585
n7          		 0.913744
n8          		 0.899968
n9          		 0.88626
n10         		 0.872623
n11         		 0.859061
n12         		 0.845577
n13         		 0.832173
n14         		 0.818853
n15         		 0.805619
n16         		 0.792474
n17         		 0.77942
n18         		 0.766262
n19         		 0.753012
n20         		 0.739683
n21         		 0.726286
n22         		 0.712834
n23         		 0.699339
n24         		 0.685813
n25         		 0.672268
n26         		 0.658714
n27         		 0.645163
n28         		 0.631301
n29         		 0.617157
n30         		 0.602765
n31         		 0.588156
n32         		 0.573362
n33         		 0.558415
n34         		 0.543345
n35         		 0.528185
n36         		 0.512963
n37         		 0.49771
n38         		 0.481966
n39         		 0.465805
n40         		 0.449302
n41         		 0.432531
n42         		 0.415564
n43         		 0.398474
n44         		 0.381331
n45         		 0.364202
n46         		 0.34715
n47         		 0.330238
n48         		 0.312709
n49         		 0.294747
n50         		 0.27653
n51         		 0.258233
n52         		 0.24002
n53         		 0.222044
n54         		 0.204446
n55         		 0.187351
n56         		 0.170868
c1          		 1.01311
c2          		 1.00539
c3          		 0.997917
c4          		 1.04093
c5          		 1.08468
c6          		 1.12926
c7          		 1.17472
c8          		 1.22108
c9          		 1.26839
c10         		 1.31663
c11         		 1.36576
c12         		 1.41572
c13         		 1.46639
c14         		 1.51764
c15         		 1.56929
c16         		 1.62116
c17         		 1.66118
c18         		 1.64852
c19         		 1.63596
c20         		 1.6235
c21         		 1.61113
c22         		 1.59886
c23         		 1.58668
c24         		 1.57459
c25         		 1.5626
c26         		 1.5507
c27         		 1.53888
c28         		 1.52716
c29         		 1.51553
c30         		 1.50398
c31         		 1.49252
c32         		 1.48115
c33         		 1.46987
c34         		 1.45867
c35         		 1.44756
c36         		 1.43654
c37         		 1.42559
c38         		 1.41473
c39         		 1.40396
c40         		 1.39326
c41         		 1.38265
c42         		 1.37211
c43         		 1.36166
c44         		 1.35129
c45         		 1.34099
c46         		 1.33078
c47         		 1.32064
c48         		 1.31058
c49         		 1.3006
c50         		 1.29069
c51         		 1.28086
c52         		 1.2711
c53         		 1.26142
c54         		 1.25181
c55         		 1.24227
c56         		 1.23281
a1          		 0
a2          		 -0.104432
a3          		 -0.160541
a4          		 -0.167489
a5          		 -0.174556
a6          		 -0.181754
a7          		 -0.189096
a8          		 -0.196587
a9          		 -0.204231
a10         		 -0.212028
a11         		 -0.219972
a12         		 -0.228052
a13         		 -0.236252
a14         		 -0.244551
a15         		 -0.252921
a16         		 -0.261331
a17         		 -0.269744
a18         		 -0.266304
a19         		 -0.198494
a20         		 -0.066029
a21         		 0.13116
a22         		 0.392908
a23         		 0.7188
a24         		 1.10818
a25         		 1.56014
a26         		 2.07356
a27         		 2.6471
a28         		 3.27927
a29         		 3.97017
a30         		 4.7189
a31         		 5.52465
a32         		 8.7849
a33         		 9.75661
a34         		 10.7881
a35         		 11.88
a36         		 13.034
a37         		 14.252
a38         		 15.5371
a39         		 16.9097
a40         		 18.3786
a41         		 19.9545
a42         		 19.2742
a43         		 18.6199
a44         		 17.99
a45         		 17.3828
a46         		 16.7967
a47         		 16.2303
a48         		 15.6821
a49         		 15.1935
a50         		 14.7634
a51         		 14.3911
a52         		 14.0768
a53         		 13.8218
a54         		 13.6279
a55         		 13.4981
a56         		 13.4368
a57         		 0
lambda1     		 0
lambda2     		 0
lambda3     		 0.000242835
lambda4     		 0.0618257
lambda5     		 0.056047
lambda6     		 0.0509851
lambda7     		 0.0465111
lambda8     		 0.0425045
lambda9     		 0.0389199
lambda10    		 0.0356678
lambda11    		 0.0327009
lambda12    		 0.0299788
lambda13    		 0.0274714
lambda14    		 0.0251554
lambda15    		 0.0230098
lambda16    		 0.0210199
lambda17    		 0.0157734
lambda18    		 0
lambda19    		 3.95884e-23
lambda20    		 2.02676e-23
lambda21    		 -2.33676e-23
lambda22    		 5.73764e-24
lambda23    		 -1.40789e-23
lambda24    		 2.57212e-24
lambda25    		 -1.33124e-23
lambda26    		 5.39595e-24
lambda27    		 2.85416e-24
lambda28    		 -7.52313e-24
lambda29    		 8.49391e-24
lambda30    		 -1.06507e-23
lambda31    		 -4.85263e-23
lambda32    		 0
lambda33    		 0
lambda34    		 0
lambda35    		 0
lambda36    		 2.41213e-23
lambda37    		 -3.5799e-24
lambda38    		 -7.64584e-24
lambda39    		 1.24613e-23
lambda40    		 -3.83299e-24
lambda41    		 -5.51822e-24
lambda42    		 -4.53098e-24
lambda43    		 4.80368e-24
lambda44    		 3.51032e-24
lambda45    		 1.19163e-23
lambda46    		 -7.5023e-24
lambda47    		 8.69873e-24
lambda48    		 -9.93621e-24
lambda49    		 1.12018e-23
lambda50    		 -4.50413e-24
lambda51    		 -8.33089e-25
lambda52    		 -8.32152e-24
lambda53    		 3.84459e-24
lambda54    		 2.96678e-24
lambda55    		 -1.6158e-24
lambda56    		 3.16162e-24
pi1         		 0.180171
pi2         		 0.18473
pi3         		 0.189137
pi4         		 0.193414
pi5         		 0.197582
pi6         		 0.201655
pi7         		 0.205644
pi8         		 0.209556
pi9         		 0.213392
pi10        		 0.21715
pi11        		 0.220824
pi12        		 0.2244
pi13        		 0.227864
pi14        		 0.231195
pi15        		 0.234372
pi16        		 0.237368
pi17        		 0.240156
pi18        		 0.242706
pi19        		 0.244987
pi20        		 0.24697
pi21        		 0.248626
pi22        		 0.249927
pi23        		 0.250848
pi24        		 0.251371
pi25        		 0.251478
pi26        		 0.251162
pi27        		 0.250417
pi28        		 0.24925
pi29        		 0.247671
pi30        		 0.2457
pi31        		 0.243366
pi32        		 0.240704
pi33        		 0.237759
pi34        		 0.234582
pi35        		 0.231233
pi36        		 0.227777
pi37        		 0.224286
pi38        		 0.220837
pi39        		 0.217514
pi40        		 0.214406
x56         		 9.6068
q32         		 1.26417
w           		 1
rk          		 0.174799
r           		 0.0100608
price       		 0.87387
tau         		 0.289496
PI          		 6.59139
Y           		 52.2588
N           		 34.0326
L           		 36.5841
C           		 30.9405
K           		 51.9641
gov_rev     		 11.343
gov_deficit 		 0.0662998
gov_debt    		 0.425243
I           		 10.7027
A_adj       		 0.755827
IY          		 0.204801
LS          		 0.72931
    9.6068
    1.2642
    1.0000
    0.1748
    0.0101
    0.8739
    0.2895
    6.5914
   52.2588
   34.0326
   36.5841
   30.9405
   51.9641

   
DYNARE-Statistics
   
Year  Capital (K)  Labor (L)  Population (N)
0     51.9641       36.5841     34.0326
   
Income (Y)  Consumption (C)  Agg. Profit (PI)Investment (I)
52.2588     30.9405          6.5914    10.7027
   
Wage (w)  Rental K (rk)  Interest (r)  Wage Tax (tau)
1         0.1748        0.010061      0.2895
   
Bequest (q32*fert_26)  q32     x56/(1+AL_growth_iss)^56
1.7698                1.2642  3.1332
   
Pop Growth (n)  
0.01355
   
Debt (b*Y/K)  
0.42524
   
G (g*Y)  
11.1207
   
Y = C + I + g*Y 
52.7638

J =

    56


J =

    57


J =

    56

Total computing time : 0h00m05s
