Starting Dynare (version 5.3).
Calling Dynare with arguments: none
Starting preprocessing of the model file ...
Found 285 equation(s).
Evaluating expressions...done
Computing static model derivatives (order 1).
Computing dynamic model derivatives (order 2).
Processing outputs ...
done
Preprocessing completed.


STEADY-STATE RESULTS:

n1          		 1
n2          		 0.985078
n3          		 0.970379
n4          		 0.9559
n5          		 0.941636
n6          		 0.927585
n7          		 0.913744
n8          		 0.899968
n9          		 0.88626
n10         		 0.872623
n11         		 0.859061
n12         		 0.845577
n13         		 0.832173
n14         		 0.818853
n15         		 0.805619
n16         		 0.792474
n17         		 0.77942
n18         		 0.766262
n19         		 0.753012
n20         		 0.739683
n21         		 0.726286
n22         		 0.712834
n23         		 0.699339
n24         		 0.685813
n25         		 0.672268
n26         		 0.658714
n27         		 0.645163
n28         		 0.631301
n29         		 0.617157
n30         		 0.602765
n31         		 0.588156
n32         		 0.573362
n33         		 0.558415
n34         		 0.543345
n35         		 0.528185
n36         		 0.512963
n37         		 0.49771
n38         		 0.481966
n39         		 0.465805
n40         		 0.449302
n41         		 0.432531
n42         		 0.415564
n43         		 0.398474
n44         		 0.381331
n45         		 0.364202
n46         		 0.34715
n47         		 0.330238
n48         		 0.312709
n49         		 0.294747
n50         		 0.27653
n51         		 0.258233
n52         		 0.24002
n53         		 0.222044
n54         		 0.204446
n55         		 0.187351
n56         		 0.170868
c1          		 0.940586
c2          		 0.953007
c3          		 0.965592
c4          		 0.978804
c5          		 1.01993
c6          		 1.06184
c7          		 1.10458
c8          		 1.14816
c9          		 1.19263
c10         		 1.23797
c11         		 1.28415
c12         		 1.3311
c13         		 1.37873
c14         		 1.41157
c15         		 1.43021
c16         		 1.4491
c17         		 1.46823
c18         		 1.48762
c19         		 1.50727
c20         		 1.52717
c21         		 1.54734
c22         		 1.56777
c23         		 1.58847
c24         		 1.60945
c25         		 1.6307
c26         		 1.65224
c27         		 1.67406
c28         		 1.69616
c29         		 1.71856
c30         		 1.74126
c31         		 1.76425
c32         		 1.78755
c33         		 1.81115
c34         		 1.83507
c35         		 1.8593
c36         		 1.88386
c37         		 1.90873
c38         		 1.93394
c39         		 1.95948
c40         		 1.98535
c41         		 2.01157
c42         		 2.03813
c43         		 2.06505
c44         		 2.09232
c45         		 2.11995
c46         		 2.14794
c47         		 2.1763
c48         		 2.20504
c49         		 2.23416
c50         		 2.26366
c51         		 2.29356
c52         		 2.32384
c53         		 2.35453
c54         		 2.38562
c55         		 2.41713
c56         		 2.44905
a1          		 0
a2          		 -0.0795722
a3          		 -0.136553
a4          		 -0.169303
a5          		 -0.176446
a6          		 -0.183722
a7          		 -0.191143
a8          		 -0.198715
a9          		 -0.206443
a10         		 -0.214324
a11         		 -0.222354
a12         		 -0.230522
a13         		 -0.23881
a14         		 -0.247199
a15         		 -0.240338
a16         		 -0.202701
a17         		 -0.132468
a18         		 -0.0279162
a19         		 0.112541
a20         		 0.290413
a21         		 0.507062
a22         		 0.763675
a23         		 1.06125
a24         		 1.40059
a25         		 1.78232
a26         		 2.20684
a27         		 2.67441
a28         		 3.18515
a29         		 3.7408
a30         		 4.34208
a31         		 4.98982
a32         		 9.33852
a33         		 10.3353
a34         		 11.4042
a35         		 12.5499
a36         		 13.7778
a37         		 15.0945
a38         		 16.5079
a39         		 18.0456
a40         		 19.7241
a41         		 21.5625
a42         		 21.3329
a43         		 21.1034
a44         		 20.8728
a45         		 20.6399
a46         		 20.4033
a47         		 20.1614
a48         		 19.9126
a49         		 19.7117
a50         		 19.562
a51         		 19.4675
a52         		 19.4336
a53         		 19.4673
a54         		 19.5774
a55         		 19.7748
a56         		 20.0734
a57         		 0
lambda1     		 0
lambda2     		 0
lambda3     		 0
lambda4     		 0.00095227
lambda5     		 0.052086
lambda6     		 0.0450961
lambda7     		 0.0392097
lambda8     		 0.0341667
lambda9     		 0.0298665
lambda10    		 0.0261339
lambda11    		 0.0228722
lambda12    		 0.0200021
lambda13    		 0.0174642
lambda14    		 0.00755355
lambda15    		 1.46945e-21
lambda16    		 8.00724e-22
lambda17    		 4.64604e-22
lambda18    		 -6.25839e-22
lambda19    		 5.08787e-22
lambda20    		 -8.76942e-22
lambda21    		 1.13259e-21
lambda22    		 -3.7577e-22
lambda23    		 2.0276e-22
lambda24    		 -6.29014e-22
lambda25    		 1.09462e-22
lambda26    		 1.78826e-22
lambda27    		 8.52968e-23
lambda28    		 -1.47811e-22
lambda29    		 1.19353e-23
lambda30    		 -4.6226e-23
lambda31    		 2.57905e-22
lambda32    		 -3.77793e-22
lambda33    		 -2.68442e-23
lambda34    		 1.59508e-22
lambda35    		 -8.21713e-23
lambda36    		 -1.07281e-22
lambda37    		 1.02136e-22
lambda38    		 1.42919e-22
lambda39    		 -7.04217e-23
lambda40    		 -1.10702e-22
lambda41    		 1.03677e-21
lambda42    		 -1.73639e-22
lambda43    		 2.85088e-22
lambda44    		 -1.80337e-22
lambda45    		 -5.73221e-23
lambda46    		 2.44796e-22
lambda47    		 -2.08503e-22
lambda48    		 1.77096e-22
lambda49    		 -7.03301e-23
lambda50    		 4.40558e-23
lambda51    		 1.35979e-23
lambda52    		 -1.6617e-23
lambda53    		 -1.83864e-23
lambda54    		 -4.52768e-23
lambda55    		 4.07859e-23
lambda56    		 -3.2332e-22
pi1         		 0.165311
pi2         		 0.169494
pi3         		 0.173538
pi4         		 0.177463
pi5         		 0.181286
pi6         		 0.185023
pi7         		 0.188683
pi8         		 0.192273
pi9         		 0.195793
pi10        		 0.199241
pi11        		 0.202611
pi12        		 0.205893
pi13        		 0.209071
pi14        		 0.212128
pi15        		 0.215042
pi16        		 0.217792
pi17        		 0.220349
pi18        		 0.222689
pi19        		 0.224782
pi20        		 0.226602
pi21        		 0.228121
pi22        		 0.229314
pi23        		 0.23016
pi24        		 0.230639
pi25        		 0.230738
pi26        		 0.230447
pi27        		 0.229764
pi28        		 0.228693
pi29        		 0.227244
pi30        		 0.225436
pi31        		 0.223294
pi32        		 0.220852
pi33        		 0.21815
pi34        		 0.215235
pi35        		 0.212162
pi36        		 0.208991
pi37        		 0.205788
pi38        		 0.202623
pi39        		 0.199574
pi40        		 0.196723
x56         		 14.6358
q32         		 1.92595
w           		 1
rk          		 0.234975
r           		 0.0563502
price       		 0.885676
tau         		 0.321353
PI          		 6.04777
Y           		 52.9004
N           		 34.0326
L           		 36.5841
C           		 32.6563
K           		 43.7004
gov_rev     		 12.5177
gov_deficit 		 0.0608156
gov_debt    		 0.511864
I           		 9.00066
A_adj       		 0.720364
IY          		 0.170144
LS          		 0.723997
Total computing time : 0h00m08s
