Starting Dynare (version 5.3).
Calling Dynare with arguments: none
Starting preprocessing of the model file ...
Found 284 equation(s).
Evaluating expressions...done
Computing static model derivatives (order 1).
Computing dynamic model derivatives (order 2).
Processing outputs ...
done
Preprocessing completed.


STEADY-STATE RESULTS:

n1          		 0.965569
n2          		 0.96705
n3          		 0.968532
n4          		 0.970017
n5          		 0.971504
n6          		 0.972994
n7          		 0.974486
n8          		 0.975902
n9          		 0.977243
n10         		 0.978507
n11         		 0.979695
n12         		 0.980807
n13         		 0.981842
n14         		 0.982799
n15         		 0.983679
n16         		 0.984482
n17         		 0.985207
n18         		 0.985698
n19         		 0.985956
n20         		 0.985981
n21         		 0.985771
n22         		 0.985328
n23         		 0.984652
n24         		 0.983742
n25         		 0.9826
n26         		 0.981227
n27         		 0.979623
n28         		 0.977572
n29         		 0.975078
n30         		 0.972145
n31         		 0.968774
n32         		 0.964972
n33         		 0.960742
n34         		 0.956092
n35         		 0.951025
n36         		 0.945551
n37         		 0.939674
n38         		 0.932766
n39         		 0.924849
n40         		 0.915948
n41         		 0.906091
n42         		 0.895311
n43         		 0.883642
n44         		 0.87112
n45         		 0.857786
n46         		 0.843681
n47         		 0.828849
n48         		 0.811784
n49         		 0.792629
n50         		 0.771542
n51         		 0.748695
n52         		 0.724272
n53         		 0.698467
n54         		 0.671481
n55         		 0.643518
n56         		 0.614783
c1          		 3.72178
c2          		 3.64026
c3          		 3.56052
c4          		 3.57406
c5          		 3.67378
c6          		 3.77293
c7          		 3.87167
c8          		 3.97001
c9          		 4.06801
c10         		 4.16557
c11         		 4.26254
c12         		 4.35862
c13         		 4.45347
c14         		 4.54667
c15         		 4.5662
c16         		 4.46617
c17         		 4.36834
c18         		 4.27265
c19         		 4.17905
c20         		 4.08751
c21         		 3.99797
c22         		 3.9104
c23         		 3.82474
c24         		 3.74095
c25         		 3.65901
c26         		 3.57885
c27         		 3.50046
c28         		 3.42378
c29         		 3.34878
c30         		 3.27542
c31         		 3.20367
c32         		 3.1335
c33         		 3.06486
c34         		 2.99772
c35         		 2.93205
c36         		 2.86783
c37         		 2.805
c38         		 2.74356
c39         		 2.68346
c40         		 2.62468
c41         		 2.56718
c42         		 2.51095
c43         		 2.45595
c44         		 2.40215
c45         		 2.34953
c46         		 2.29806
c47         		 2.24772
c48         		 2.19848
c49         		 2.15032
c50         		 2.10322
c51         		 2.05715
c52         		 2.01209
c53         		 1.96801
c54         		 1.9249
c55         		 1.88273
c56         		 1.84149
a1          		 0
a2          		 -0.491472
a3          		 -0.79112
a4          		 -0.905093
a5          		 -0.930568
a6          		 -0.955885
a7          		 -0.981092
a8          		 -1.00621
a9          		 -1.03126
a10         		 -1.0562
a11         		 -1.081
a12         		 -1.10561
a13         		 -1.12992
a14         		 -1.15385
a15         		 -1.17726
a16         		 -1.12852
a17         		 -0.891638
a18         		 -0.474587
a19         		 0.114138
a20         		 0.865809
a21         		 1.77127
a22         		 2.82095
a23         		 4.00484
a24         		 5.31258
a25         		 6.73352
a26         		 8.25675
a27         		 9.87128
a28         		 11.5661
a29         		 13.3328
a30         		 15.1616
a31         		 17.0432
a32         		 25.8246
a33         		 27.7237
a34         		 29.6559
a35         		 31.6153
a36         		 33.5975
a37         		 35.5996
a38         		 37.6202
a39         		 39.6854
a40         		 41.8005
a41         		 43.9729
a42         		 41.304
a43         		 38.745
a44         		 36.2885
a45         		 33.9276
a46         		 31.6559
a47         		 29.4671
a48         		 27.3553
a49         		 25.3674
a50         		 23.4911
a51         		 21.7151
a52         		 20.0286
a53         		 18.4217
a54         		 16.885
a55         		 15.4095
a56         		 13.9866
a57         		 0
lambda1     		 0
lambda2     		 2.96685e-25
lambda3     		 -1.18683e-25
lambda4     		 0.00376328
lambda5     		 0.00678025
lambda6     		 0.00612366
lambda7     		 0.00554886
lambda8     		 0.0050394
lambda9     		 0.00458746
lambda10    		 0.00418167
lambda11    		 0.00381528
lambda12    		 0.00348263
lambda13    		 0.00317944
lambda14    		 0.00290232
lambda15    		 0.00169376
lambda16    		 3.67062e-24
lambda17    		 -5.04667e-24
lambda18    		 1.47426e-24
lambda19    		 5.56938e-25
lambda20    		 2.4115e-24
lambda21    		 -4.51555e-24
lambda22    		 5.10481e-24
lambda23    		 -8.93095e-24
lambda24    		 9.58422e-25
lambda25    		 -3.33825e-24
lambda26    		 -9.34693e-25
lambda27    		 -1.05348e-25
lambda28    		 -3.2079e-25
lambda29    		 3.25058e-23
lambda30    		 0
lambda31    		 -8.83347e-23
lambda32    		 4.97655e-23
lambda33    		 -4.11552e-23
lambda34    		 -9.66499e-25
lambda35    		 2.31149e-24
lambda36    		 -4.36651e-24
lambda37    		 -4.23863e-24
lambda38    		 4.64699e-24
lambda39    		 2.00755e-23
lambda40    		 -5.41407e-24
lambda41    		 6.64387e-24
lambda42    		 -1.1228e-23
lambda43    		 -4.9186e-24
lambda44    		 1.0935e-24
lambda45    		 -1.57444e-24
lambda46    		 1.00192e-23
lambda47    		 -4.86224e-24
lambda48    		 -7.00077e-24
lambda49    		 7.54604e-24
lambda50    		 -9.72822e-25
lambda51    		 -1.526e-24
lambda52    		 4.56917e-24
lambda53    		 -8.59137e-24
lambda54    		 2.22262e-24
lambda55    		 -6.46254e-24
lambda56    		 8.19708e-24
pi1         		 0.965948
pi2         		 0.990391
pi3         		 1.01402
pi4         		 1.03695
pi5         		 1.05929
pi6         		 1.08113
pi7         		 1.10252
pi8         		 1.12349
pi9         		 1.14406
pi10        		 1.16421
pi11        		 1.1839
pi12        		 1.20307
pi13        		 1.22164
pi14        		 1.23951
pi15        		 1.25654
pi16        		 1.2726
pi17        		 1.28755
pi18        		 1.30122
pi19        		 1.31345
pi20        		 1.32408
pi21        		 1.33296
pi22        		 1.33993
pi23        		 1.34487
pi24        		 1.34767
pi25        		 1.34825
pi26        		 1.34655
pi27        		 1.34256
pi28        		 1.3363
pi29        		 1.32783
pi30        		 1.31727
pi31        		 1.30475
pi32        		 1.29048
pi33        		 1.27469
pi34        		 1.25766
pi35        		 1.23971
pi36        		 1.22118
pi37        		 1.20246
pi38        		 1.18397
pi39        		 1.16615
pi40        		 1.14949
x56         		 13.4483
q32         		 5.57899
w           		 3.14609
rk          		 0.109826
r           		 -0.015593
price       		 0.796659
tau         		 0.286852
PI          		 47.5484
Y           		 233.835
N           		 51.3897
L           		 49.2246
C           		 147.069
K           		 286.104
gov_rev     		 45.4836
gov_deficit 		 0.023309
gov_debt    		 0.958604
I           		 37.0412
IY          		 0.158407
LS          		 0.384858
Total computing time : 0h00m05s
